{"/home/alessandro/repositories/personal/data-structures/src/doubly-linked-list/doubly-linked-list-node.entity.ts": {"path":"/home/alessandro/repositories/personal/data-structures/src/doubly-linked-list/doubly-linked-list-node.entity.ts","all":false,"statementMap":{"0":{"start":{"line":1,"column":0},"end":{"line":1,"column":19}},"1":{"start":{"line":2,"column":0},"end":{"line":2,"column":15}},"2":{"start":{"line":3,"column":0},"end":{"line":3,"column":20}},"3":{"start":{"line":4,"column":0},"end":{"line":4,"column":20}},"4":{"start":{"line":5,"column":0},"end":{"line":5,"column":0}},"5":{"start":{"line":6,"column":0},"end":{"line":6,"column":29}},"6":{"start":{"line":7,"column":0},"end":{"line":7,"column":21}},"7":{"start":{"line":8,"column":0},"end":{"line":8,"column":21}},"8":{"start":{"line":9,"column":0},"end":{"line":9,"column":21}},"9":{"start":{"line":10,"column":0},"end":{"line":10,"column":3}},"10":{"start":{"line":11,"column":0},"end":{"line":11,"column":1}}},"s":{"0":1,"1":1,"2":1,"3":1,"4":1,"5":1,"6":40,"7":40,"8":40,"9":40,"10":1},"branchMap":{"0":{"type":"branch","line":6,"loc":{"start":{"line":6,"column":2},"end":{"line":10,"column":3}},"locations":[{"start":{"line":6,"column":2},"end":{"line":10,"column":3}}]}},"b":{"0":[40]},"fnMap":{"0":{"name":"Node","decl":{"start":{"line":6,"column":2},"end":{"line":10,"column":3}},"loc":{"start":{"line":6,"column":2},"end":{"line":10,"column":3}},"line":6}},"f":{"0":40}}
,"/home/alessandro/repositories/personal/data-structures/src/doubly-linked-list/doubly-linked-list.entity.ts": {"path":"/home/alessandro/repositories/personal/data-structures/src/doubly-linked-list/doubly-linked-list.entity.ts","all":false,"statementMap":{"0":{"start":{"line":1,"column":0},"end":{"line":1,"column":56}},"1":{"start":{"line":2,"column":0},"end":{"line":2,"column":0}},"2":{"start":{"line":3,"column":0},"end":{"line":3,"column":31}},"3":{"start":{"line":4,"column":0},"end":{"line":4,"column":20}},"4":{"start":{"line":5,"column":0},"end":{"line":5,"column":20}},"5":{"start":{"line":6,"column":0},"end":{"line":6,"column":17}},"6":{"start":{"line":7,"column":0},"end":{"line":7,"column":0}},"7":{"start":{"line":8,"column":0},"end":{"line":8,"column":17}},"8":{"start":{"line":9,"column":0},"end":{"line":9,"column":21}},"9":{"start":{"line":10,"column":0},"end":{"line":10,"column":21}},"10":{"start":{"line":11,"column":0},"end":{"line":11,"column":20}},"11":{"start":{"line":12,"column":0},"end":{"line":12,"column":3}},"12":{"start":{"line":13,"column":0},"end":{"line":13,"column":0}},"13":{"start":{"line":14,"column":0},"end":{"line":14,"column":22}},"14":{"start":{"line":15,"column":0},"end":{"line":15,"column":35}},"15":{"start":{"line":16,"column":0},"end":{"line":16,"column":0}},"16":{"start":{"line":17,"column":0},"end":{"line":17,"column":21}},"17":{"start":{"line":18,"column":0},"end":{"line":18,"column":26}},"18":{"start":{"line":19,"column":0},"end":{"line":19,"column":28}},"19":{"start":{"line":20,"column":0},"end":{"line":20,"column":12}},"20":{"start":{"line":21,"column":0},"end":{"line":21,"column":32}},"21":{"start":{"line":22,"column":0},"end":{"line":22,"column":31}},"22":{"start":{"line":23,"column":0},"end":{"line":23,"column":26}},"23":{"start":{"line":24,"column":0},"end":{"line":24,"column":5}},"24":{"start":{"line":25,"column":0},"end":{"line":25,"column":0}},"25":{"start":{"line":26,"column":0},"end":{"line":26,"column":18}},"26":{"start":{"line":27,"column":0},"end":{"line":27,"column":3}},"27":{"start":{"line":28,"column":0},"end":{"line":28,"column":0}},"28":{"start":{"line":29,"column":0},"end":{"line":29,"column":9}},"29":{"start":{"line":30,"column":0},"end":{"line":30,"column":37}},"30":{"start":{"line":31,"column":0},"end":{"line":31,"column":0}},"31":{"start":{"line":32,"column":0},"end":{"line":32,"column":33}},"32":{"start":{"line":33,"column":0},"end":{"line":33,"column":0}},"33":{"start":{"line":34,"column":0},"end":{"line":34,"column":28}},"34":{"start":{"line":35,"column":0},"end":{"line":35,"column":23}},"35":{"start":{"line":36,"column":0},"end":{"line":36,"column":23}},"36":{"start":{"line":37,"column":0},"end":{"line":37,"column":12}},"37":{"start":{"line":38,"column":0},"end":{"line":38,"column":35}},"38":{"start":{"line":39,"column":0},"end":{"line":39,"column":29}},"39":{"start":{"line":40,"column":0},"end":{"line":40,"column":30}},"40":{"start":{"line":41,"column":0},"end":{"line":41,"column":5}},"41":{"start":{"line":42,"column":0},"end":{"line":42,"column":0}},"42":{"start":{"line":43,"column":0},"end":{"line":43,"column":18}},"43":{"start":{"line":44,"column":0},"end":{"line":44,"column":22}},"44":{"start":{"line":45,"column":0},"end":{"line":45,"column":3}},"45":{"start":{"line":46,"column":0},"end":{"line":46,"column":0}},"46":{"start":{"line":47,"column":0},"end":{"line":47,"column":11}},"47":{"start":{"line":48,"column":0},"end":{"line":48,"column":37}},"48":{"start":{"line":49,"column":0},"end":{"line":49,"column":0}},"49":{"start":{"line":50,"column":0},"end":{"line":50,"column":30}},"50":{"start":{"line":51,"column":0},"end":{"line":51,"column":0}},"51":{"start":{"line":52,"column":0},"end":{"line":52,"column":28}},"52":{"start":{"line":53,"column":0},"end":{"line":53,"column":23}},"53":{"start":{"line":54,"column":0},"end":{"line":54,"column":23}},"54":{"start":{"line":55,"column":0},"end":{"line":55,"column":12}},"55":{"start":{"line":56,"column":0},"end":{"line":56,"column":32}},"56":{"start":{"line":57,"column":0},"end":{"line":57,"column":29}},"57":{"start":{"line":58,"column":0},"end":{"line":58,"column":27}},"58":{"start":{"line":59,"column":0},"end":{"line":59,"column":5}},"59":{"start":{"line":60,"column":0},"end":{"line":60,"column":0}},"60":{"start":{"line":61,"column":0},"end":{"line":61,"column":18}},"61":{"start":{"line":62,"column":0},"end":{"line":62,"column":19}},"62":{"start":{"line":63,"column":0},"end":{"line":63,"column":3}},"63":{"start":{"line":64,"column":0},"end":{"line":64,"column":0}},"64":{"start":{"line":65,"column":0},"end":{"line":65,"column":25}},"65":{"start":{"line":66,"column":0},"end":{"line":66,"column":35}},"66":{"start":{"line":67,"column":0},"end":{"line":67,"column":0}},"67":{"start":{"line":68,"column":0},"end":{"line":68,"column":21}},"68":{"start":{"line":69,"column":0},"end":{"line":69,"column":26}},"69":{"start":{"line":70,"column":0},"end":{"line":70,"column":28}},"70":{"start":{"line":71,"column":0},"end":{"line":71,"column":12}},"71":{"start":{"line":72,"column":0},"end":{"line":72,"column":32}},"72":{"start":{"line":73,"column":0},"end":{"line":73,"column":31}},"73":{"start":{"line":74,"column":0},"end":{"line":74,"column":26}},"74":{"start":{"line":75,"column":0},"end":{"line":75,"column":5}},"75":{"start":{"line":76,"column":0},"end":{"line":76,"column":0}},"76":{"start":{"line":77,"column":0},"end":{"line":77,"column":18}},"77":{"start":{"line":78,"column":0},"end":{"line":78,"column":16}},"78":{"start":{"line":79,"column":0},"end":{"line":79,"column":3}},"79":{"start":{"line":80,"column":0},"end":{"line":80,"column":0}},"80":{"start":{"line":81,"column":0},"end":{"line":81,"column":22}},"81":{"start":{"line":82,"column":0},"end":{"line":82,"column":55}},"82":{"start":{"line":83,"column":0},"end":{"line":83,"column":0}},"83":{"start":{"line":84,"column":0},"end":{"line":84,"column":23}},"84":{"start":{"line":85,"column":0},"end":{"line":85,"column":0}},"85":{"start":{"line":86,"column":0},"end":{"line":86,"column":35}},"86":{"start":{"line":87,"column":0},"end":{"line":87,"column":16}},"87":{"start":{"line":88,"column":0},"end":{"line":88,"column":26}},"88":{"start":{"line":89,"column":0},"end":{"line":89,"column":0}},"89":{"start":{"line":90,"column":0},"end":{"line":90,"column":31}},"90":{"start":{"line":91,"column":0},"end":{"line":91,"column":32}},"91":{"start":{"line":92,"column":0},"end":{"line":92,"column":16}},"92":{"start":{"line":93,"column":0},"end":{"line":93,"column":7}},"93":{"start":{"line":94,"column":0},"end":{"line":94,"column":12}},"94":{"start":{"line":95,"column":0},"end":{"line":95,"column":30}},"95":{"start":{"line":96,"column":0},"end":{"line":96,"column":26}},"96":{"start":{"line":97,"column":0},"end":{"line":97,"column":0}},"97":{"start":{"line":98,"column":0},"end":{"line":98,"column":31}},"98":{"start":{"line":99,"column":0},"end":{"line":99,"column":32}},"99":{"start":{"line":100,"column":0},"end":{"line":100,"column":16}},"100":{"start":{"line":101,"column":0},"end":{"line":101,"column":7}},"101":{"start":{"line":102,"column":0},"end":{"line":102,"column":5}},"102":{"start":{"line":103,"column":0},"end":{"line":103,"column":0}},"103":{"start":{"line":104,"column":0},"end":{"line":104,"column":19}},"104":{"start":{"line":105,"column":0},"end":{"line":105,"column":3}},"105":{"start":{"line":106,"column":0},"end":{"line":106,"column":0}},"106":{"start":{"line":107,"column":0},"end":{"line":107,"column":22}},"107":{"start":{"line":108,"column":0},"end":{"line":108,"column":28}},"108":{"start":{"line":109,"column":0},"end":{"line":109,"column":0}},"109":{"start":{"line":110,"column":0},"end":{"line":110,"column":21}},"110":{"start":{"line":111,"column":0},"end":{"line":111,"column":48}},"111":{"start":{"line":112,"column":0},"end":{"line":112,"column":29}},"112":{"start":{"line":113,"column":0},"end":{"line":113,"column":5}},"113":{"start":{"line":114,"column":0},"end":{"line":114,"column":0}},"114":{"start":{"line":115,"column":0},"end":{"line":115,"column":16}},"115":{"start":{"line":116,"column":0},"end":{"line":116,"column":3}},"116":{"start":{"line":117,"column":0},"end":{"line":117,"column":0}},"117":{"start":{"line":118,"column":0},"end":{"line":118,"column":36}},"118":{"start":{"line":119,"column":0},"end":{"line":119,"column":33}},"119":{"start":{"line":120,"column":0},"end":{"line":120,"column":0}},"120":{"start":{"line":121,"column":0},"end":{"line":121,"column":15}},"121":{"start":{"line":122,"column":0},"end":{"line":122,"column":23}},"122":{"start":{"line":123,"column":0},"end":{"line":123,"column":18}},"123":{"start":{"line":124,"column":0},"end":{"line":124,"column":5}},"124":{"start":{"line":125,"column":0},"end":{"line":125,"column":0}},"125":{"start":{"line":126,"column":0},"end":{"line":126,"column":17}},"126":{"start":{"line":127,"column":0},"end":{"line":127,"column":3}},"127":{"start":{"line":128,"column":0},"end":{"line":128,"column":1}}},"s":{"0":1,"1":1,"2":1,"3":1,"4":1,"5":1,"6":1,"7":1,"8":17,"9":17,"10":17,"11":17,"12":1,"13":1,"14":36,"15":36,"16":36,"17":12,"18":12,"19":36,"20":24,"21":24,"22":24,"23":24,"24":36,"25":36,"26":36,"27":1,"28":1,"29":5,"30":4,"31":4,"32":4,"33":5,"34":1,"35":1,"36":5,"37":3,"38":3,"39":3,"40":3,"41":4,"42":4,"43":4,"44":4,"45":1,"46":1,"47":5,"48":4,"49":4,"50":4,"51":5,"52":1,"53":1,"54":5,"55":3,"56":3,"57":3,"58":3,"59":4,"60":4,"61":4,"62":4,"63":1,"64":1,"65":4,"66":4,"67":4,"68":2,"69":2,"70":2,"71":2,"72":2,"73":2,"74":2,"75":4,"76":4,"77":4,"78":4,"79":1,"80":1,"81":5,"82":4,"83":4,"84":4,"85":5,"86":3,"87":3,"88":3,"89":3,"90":2,"91":2,"92":2,"93":5,"94":1,"95":1,"96":1,"97":1,"98":1,"99":1,"100":1,"101":1,"102":4,"103":4,"104":4,"105":1,"106":1,"107":2,"108":2,"109":2,"110":5,"111":4,"112":4,"113":1,"114":1,"115":1,"116":1,"117":1,"118":2,"119":2,"120":2,"121":1,"122":1,"123":1,"124":1,"125":1,"126":1,"127":1},"branchMap":{"0":{"type":"branch","line":8,"loc":{"start":{"line":8,"column":2},"end":{"line":12,"column":3}},"locations":[{"start":{"line":8,"column":2},"end":{"line":12,"column":3}}]},"1":{"type":"branch","line":14,"loc":{"start":{"line":14,"column":2},"end":{"line":27,"column":3}},"locations":[{"start":{"line":14,"column":2},"end":{"line":27,"column":3}}]},"2":{"type":"branch","line":17,"loc":{"start":{"line":17,"column":20},"end":{"line":20,"column":5}},"locations":[{"start":{"line":17,"column":20},"end":{"line":20,"column":5}}]},"3":{"type":"branch","line":20,"loc":{"start":{"line":20,"column":5},"end":{"line":24,"column":5}},"locations":[{"start":{"line":20,"column":5},"end":{"line":24,"column":5}}]},"4":{"type":"branch","line":29,"loc":{"start":{"line":29,"column":2},"end":{"line":45,"column":3}},"locations":[{"start":{"line":29,"column":2},"end":{"line":45,"column":3}}]},"5":{"type":"branch","line":30,"loc":{"start":{"line":30,"column":20},"end":{"line":30,"column":37}},"locations":[{"start":{"line":30,"column":20},"end":{"line":30,"column":37}}]},"6":{"type":"branch","line":30,"loc":{"start":{"line":30,"column":36},"end":{"line":34,"column":27}},"locations":[{"start":{"line":30,"column":36},"end":{"line":34,"column":27}}]},"7":{"type":"branch","line":34,"loc":{"start":{"line":34,"column":27},"end":{"line":37,"column":5}},"locations":[{"start":{"line":34,"column":27},"end":{"line":37,"column":5}}]},"8":{"type":"branch","line":37,"loc":{"start":{"line":37,"column":5},"end":{"line":41,"column":5}},"locations":[{"start":{"line":37,"column":5},"end":{"line":41,"column":5}}]},"9":{"type":"branch","line":41,"loc":{"start":{"line":41,"column":4},"end":{"line":45,"column":3}},"locations":[{"start":{"line":41,"column":4},"end":{"line":45,"column":3}}]},"10":{"type":"branch","line":47,"loc":{"start":{"line":47,"column":2},"end":{"line":63,"column":3}},"locations":[{"start":{"line":47,"column":2},"end":{"line":63,"column":3}}]},"11":{"type":"branch","line":48,"loc":{"start":{"line":48,"column":20},"end":{"line":48,"column":37}},"locations":[{"start":{"line":48,"column":20},"end":{"line":48,"column":37}}]},"12":{"type":"branch","line":48,"loc":{"start":{"line":48,"column":36},"end":{"line":52,"column":27}},"locations":[{"start":{"line":48,"column":36},"end":{"line":52,"column":27}}]},"13":{"type":"branch","line":52,"loc":{"start":{"line":52,"column":27},"end":{"line":55,"column":5}},"locations":[{"start":{"line":52,"column":27},"end":{"line":55,"column":5}}]},"14":{"type":"branch","line":55,"loc":{"start":{"line":55,"column":5},"end":{"line":59,"column":5}},"locations":[{"start":{"line":55,"column":5},"end":{"line":59,"column":5}}]},"15":{"type":"branch","line":59,"loc":{"start":{"line":59,"column":4},"end":{"line":63,"column":3}},"locations":[{"start":{"line":59,"column":4},"end":{"line":63,"column":3}}]},"16":{"type":"branch","line":65,"loc":{"start":{"line":65,"column":2},"end":{"line":79,"column":3}},"locations":[{"start":{"line":65,"column":2},"end":{"line":79,"column":3}}]},"17":{"type":"branch","line":68,"loc":{"start":{"line":68,"column":20},"end":{"line":75,"column":5}},"locations":[{"start":{"line":68,"column":20},"end":{"line":75,"column":5}}]},"18":{"type":"branch","line":81,"loc":{"start":{"line":81,"column":2},"end":{"line":105,"column":3}},"locations":[{"start":{"line":81,"column":2},"end":{"line":105,"column":3}}]},"19":{"type":"branch","line":82,"loc":{"start":{"line":82,"column":43},"end":{"line":82,"column":55}},"locations":[{"start":{"line":82,"column":43},"end":{"line":82,"column":55}}]},"20":{"type":"branch","line":82,"loc":{"start":{"line":82,"column":54},"end":{"line":86,"column":34}},"locations":[{"start":{"line":82,"column":54},"end":{"line":86,"column":34}}]},"21":{"type":"branch","line":86,"loc":{"start":{"line":86,"column":34},"end":{"line":94,"column":5}},"locations":[{"start":{"line":86,"column":34},"end":{"line":94,"column":5}}]},"22":{"type":"branch","line":90,"loc":{"start":{"line":90,"column":30},"end":{"line":93,"column":7}},"locations":[{"start":{"line":90,"column":30},"end":{"line":93,"column":7}}]},"23":{"type":"branch","line":94,"loc":{"start":{"line":94,"column":5},"end":{"line":102,"column":5}},"locations":[{"start":{"line":94,"column":5},"end":{"line":102,"column":5}}]},"24":{"type":"branch","line":102,"loc":{"start":{"line":102,"column":4},"end":{"line":105,"column":3}},"locations":[{"start":{"line":102,"column":4},"end":{"line":105,"column":3}}]},"25":{"type":"branch","line":107,"loc":{"start":{"line":107,"column":2},"end":{"line":116,"column":3}},"locations":[{"start":{"line":107,"column":2},"end":{"line":116,"column":3}}]},"26":{"type":"branch","line":110,"loc":{"start":{"line":110,"column":20},"end":{"line":113,"column":5}},"locations":[{"start":{"line":110,"column":20},"end":{"line":113,"column":5}}]},"27":{"type":"branch","line":111,"loc":{"start":{"line":111,"column":33},"end":{"line":111,"column":48}},"locations":[{"start":{"line":111,"column":33},"end":{"line":111,"column":48}}]},"28":{"type":"branch","line":111,"loc":{"start":{"line":111,"column":47},"end":{"line":113,"column":5}},"locations":[{"start":{"line":111,"column":47},"end":{"line":113,"column":5}}]},"29":{"type":"branch","line":113,"loc":{"start":{"line":113,"column":4},"end":{"line":116,"column":3}},"locations":[{"start":{"line":113,"column":4},"end":{"line":116,"column":3}}]},"30":{"type":"branch","line":118,"loc":{"start":{"line":118,"column":2},"end":{"line":127,"column":3}},"locations":[{"start":{"line":118,"column":2},"end":{"line":127,"column":3}}]},"31":{"type":"branch","line":121,"loc":{"start":{"line":121,"column":14},"end":{"line":127,"column":3}},"locations":[{"start":{"line":121,"column":14},"end":{"line":127,"column":3}}]}},"b":{"0":[17],"1":[36],"2":[12],"3":[24],"4":[5],"5":[1],"6":[4],"7":[1],"8":[3],"9":[4],"10":[5],"11":[1],"12":[4],"13":[1],"14":[3],"15":[4],"16":[4],"17":[2],"18":[5],"19":[1],"20":[4],"21":[3],"22":[2],"23":[1],"24":[4],"25":[2],"26":[5],"27":[1],"28":[4],"29":[1],"30":[2],"31":[1]},"fnMap":{"0":{"name":"DoublyLinkedList","decl":{"start":{"line":8,"column":2},"end":{"line":12,"column":3}},"loc":{"start":{"line":8,"column":2},"end":{"line":12,"column":3}},"line":8},"1":{"name":"push","decl":{"start":{"line":14,"column":2},"end":{"line":27,"column":3}},"loc":{"start":{"line":14,"column":2},"end":{"line":27,"column":3}},"line":14},"2":{"name":"pop","decl":{"start":{"line":29,"column":2},"end":{"line":45,"column":3}},"loc":{"start":{"line":29,"column":2},"end":{"line":45,"column":3}},"line":29},"3":{"name":"shift","decl":{"start":{"line":47,"column":2},"end":{"line":63,"column":3}},"loc":{"start":{"line":47,"column":2},"end":{"line":63,"column":3}},"line":47},"4":{"name":"unshift","decl":{"start":{"line":65,"column":2},"end":{"line":79,"column":3}},"loc":{"start":{"line":65,"column":2},"end":{"line":79,"column":3}},"line":65},"5":{"name":"get","decl":{"start":{"line":81,"column":2},"end":{"line":105,"column":3}},"loc":{"start":{"line":81,"column":2},"end":{"line":105,"column":3}},"line":81},"6":{"name":"find","decl":{"start":{"line":107,"column":2},"end":{"line":116,"column":3}},"loc":{"start":{"line":107,"column":2},"end":{"line":116,"column":3}},"line":107},"7":{"name":"set","decl":{"start":{"line":118,"column":2},"end":{"line":127,"column":3}},"loc":{"start":{"line":118,"column":2},"end":{"line":127,"column":3}},"line":118}},"f":{"0":17,"1":36,"2":5,"3":5,"4":4,"5":5,"6":2,"7":2}}
,"/home/alessandro/repositories/personal/data-structures/src/linked-list/linked-list-node.entity.ts": {"path":"/home/alessandro/repositories/personal/data-structures/src/linked-list/linked-list-node.entity.ts","all":false,"statementMap":{"0":{"start":{"line":1,"column":0},"end":{"line":1,"column":29}},"1":{"start":{"line":2,"column":0},"end":{"line":2,"column":16}},"2":{"start":{"line":3,"column":0},"end":{"line":3,"column":37}},"3":{"start":{"line":4,"column":0},"end":{"line":4,"column":0}},"4":{"start":{"line":5,"column":0},"end":{"line":5,"column":30}},"5":{"start":{"line":6,"column":0},"end":{"line":6,"column":23}},"6":{"start":{"line":7,"column":0},"end":{"line":7,"column":3}},"7":{"start":{"line":8,"column":0},"end":{"line":8,"column":1}}},"s":{"0":1,"1":74,"2":74,"3":74,"4":74,"5":74,"6":74,"7":74},"branchMap":{"0":{"type":"branch","line":1,"loc":{"start":{"line":1,"column":7},"end":{"line":8,"column":1}},"locations":[{"start":{"line":1,"column":7},"end":{"line":8,"column":1}}]},"1":{"type":"branch","line":5,"loc":{"start":{"line":5,"column":2},"end":{"line":7,"column":3}},"locations":[{"start":{"line":5,"column":2},"end":{"line":7,"column":3}}]}},"b":{"0":[74],"1":[74]},"fnMap":{"0":{"name":"<instance_members_initializer>","decl":{"start":{"line":1,"column":7},"end":{"line":8,"column":1}},"loc":{"start":{"line":1,"column":7},"end":{"line":8,"column":1}},"line":1},"1":{"name":"LinkedListNode","decl":{"start":{"line":5,"column":2},"end":{"line":7,"column":3}},"loc":{"start":{"line":5,"column":2},"end":{"line":7,"column":3}},"line":5}},"f":{"0":74,"1":74}}
,"/home/alessandro/repositories/personal/data-structures/src/linked-list/linked-list.entity.ts": {"path":"/home/alessandro/repositories/personal/data-structures/src/linked-list/linked-list.entity.ts","all":false,"statementMap":{"0":{"start":{"line":1,"column":0},"end":{"line":1,"column":59}},"1":{"start":{"line":2,"column":0},"end":{"line":2,"column":0}},"2":{"start":{"line":3,"column":0},"end":{"line":3,"column":25}},"3":{"start":{"line":4,"column":0},"end":{"line":4,"column":37}},"4":{"start":{"line":5,"column":0},"end":{"line":5,"column":37}},"5":{"start":{"line":6,"column":0},"end":{"line":6,"column":13}},"6":{"start":{"line":7,"column":0},"end":{"line":7,"column":0}},"7":{"start":{"line":8,"column":0},"end":{"line":8,"column":25}},"8":{"start":{"line":9,"column":0},"end":{"line":9,"column":46}},"9":{"start":{"line":10,"column":0},"end":{"line":10,"column":29}},"10":{"start":{"line":11,"column":0},"end":{"line":11,"column":26}},"11":{"start":{"line":12,"column":0},"end":{"line":12,"column":26}},"12":{"start":{"line":13,"column":0},"end":{"line":13,"column":12}},"13":{"start":{"line":14,"column":0},"end":{"line":14,"column":32}},"14":{"start":{"line":15,"column":0},"end":{"line":15,"column":26}},"15":{"start":{"line":16,"column":0},"end":{"line":16,"column":5}},"16":{"start":{"line":17,"column":0},"end":{"line":17,"column":18}},"17":{"start":{"line":18,"column":0},"end":{"line":18,"column":3}},"18":{"start":{"line":19,"column":0},"end":{"line":19,"column":0}},"19":{"start":{"line":20,"column":0},"end":{"line":20,"column":26}},"20":{"start":{"line":21,"column":0},"end":{"line":21,"column":46}},"21":{"start":{"line":22,"column":0},"end":{"line":22,"column":29}},"22":{"start":{"line":23,"column":0},"end":{"line":23,"column":26}},"23":{"start":{"line":24,"column":0},"end":{"line":24,"column":26}},"24":{"start":{"line":25,"column":0},"end":{"line":25,"column":12}},"25":{"start":{"line":26,"column":0},"end":{"line":26,"column":31}},"26":{"start":{"line":27,"column":0},"end":{"line":27,"column":26}},"27":{"start":{"line":28,"column":0},"end":{"line":28,"column":5}},"28":{"start":{"line":29,"column":0},"end":{"line":29,"column":18}},"29":{"start":{"line":30,"column":0},"end":{"line":30,"column":3}},"30":{"start":{"line":31,"column":0},"end":{"line":31,"column":0}},"31":{"start":{"line":32,"column":0},"end":{"line":32,"column":40}},"32":{"start":{"line":33,"column":0},"end":{"line":33,"column":31}},"33":{"start":{"line":34,"column":0},"end":{"line":34,"column":32}},"34":{"start":{"line":35,"column":0},"end":{"line":35,"column":5}},"35":{"start":{"line":36,"column":0},"end":{"line":36,"column":46}},"36":{"start":{"line":37,"column":0},"end":{"line":37,"column":43}},"37":{"start":{"line":38,"column":0},"end":{"line":38,"column":0}},"38":{"start":{"line":39,"column":0},"end":{"line":39,"column":18}},"39":{"start":{"line":40,"column":0},"end":{"line":40,"column":33}},"40":{"start":{"line":41,"column":0},"end":{"line":41,"column":5}},"41":{"start":{"line":42,"column":0},"end":{"line":42,"column":0}},"42":{"start":{"line":43,"column":0},"end":{"line":43,"column":40}},"43":{"start":{"line":44,"column":0},"end":{"line":44,"column":27}},"44":{"start":{"line":45,"column":0},"end":{"line":45,"column":34}},"45":{"start":{"line":46,"column":0},"end":{"line":46,"column":18}},"46":{"start":{"line":47,"column":0},"end":{"line":47,"column":3}},"47":{"start":{"line":48,"column":0},"end":{"line":48,"column":0}},"48":{"start":{"line":49,"column":0},"end":{"line":49,"column":32}},"49":{"start":{"line":50,"column":0},"end":{"line":50,"column":31}},"50":{"start":{"line":51,"column":0},"end":{"line":51,"column":13}},"51":{"start":{"line":52,"column":0},"end":{"line":52,"column":5}},"52":{"start":{"line":53,"column":0},"end":{"line":53,"column":43}},"53":{"start":{"line":54,"column":0},"end":{"line":54,"column":0}},"54":{"start":{"line":55,"column":0},"end":{"line":55,"column":18}},"55":{"start":{"line":56,"column":0},"end":{"line":56,"column":34}},"56":{"start":{"line":57,"column":0},"end":{"line":57,"column":20}},"57":{"start":{"line":58,"column":0},"end":{"line":58,"column":13}},"58":{"start":{"line":59,"column":0},"end":{"line":59,"column":5}},"59":{"start":{"line":60,"column":0},"end":{"line":60,"column":0}},"60":{"start":{"line":61,"column":0},"end":{"line":61,"column":38}},"61":{"start":{"line":62,"column":0},"end":{"line":62,"column":38}},"62":{"start":{"line":63,"column":0},"end":{"line":63,"column":18}},"63":{"start":{"line":64,"column":0},"end":{"line":64,"column":3}},"64":{"start":{"line":65,"column":0},"end":{"line":65,"column":0}},"65":{"start":{"line":66,"column":0},"end":{"line":66,"column":32}},"66":{"start":{"line":67,"column":0},"end":{"line":67,"column":29}},"67":{"start":{"line":68,"column":0},"end":{"line":68,"column":13}},"68":{"start":{"line":69,"column":0},"end":{"line":69,"column":5}},"69":{"start":{"line":70,"column":0},"end":{"line":70,"column":36}},"70":{"start":{"line":71,"column":0},"end":{"line":71,"column":33}},"71":{"start":{"line":72,"column":0},"end":{"line":72,"column":20}},"72":{"start":{"line":73,"column":0},"end":{"line":73,"column":13}},"73":{"start":{"line":74,"column":0},"end":{"line":74,"column":5}},"74":{"start":{"line":75,"column":0},"end":{"line":75,"column":32}},"75":{"start":{"line":76,"column":0},"end":{"line":76,"column":39}},"76":{"start":{"line":77,"column":0},"end":{"line":77,"column":45}},"77":{"start":{"line":78,"column":0},"end":{"line":78,"column":49}},"78":{"start":{"line":79,"column":0},"end":{"line":79,"column":22}},"79":{"start":{"line":80,"column":0},"end":{"line":80,"column":15}},"80":{"start":{"line":81,"column":0},"end":{"line":81,"column":7}},"81":{"start":{"line":82,"column":0},"end":{"line":82,"column":37}},"82":{"start":{"line":83,"column":0},"end":{"line":83,"column":5}},"83":{"start":{"line":84,"column":0},"end":{"line":84,"column":3}},"84":{"start":{"line":85,"column":0},"end":{"line":85,"column":0}},"85":{"start":{"line":86,"column":0},"end":{"line":86,"column":26}},"86":{"start":{"line":87,"column":0},"end":{"line":87,"column":20}},"87":{"start":{"line":88,"column":0},"end":{"line":88,"column":32}},"88":{"start":{"line":89,"column":0},"end":{"line":89,"column":31}},"89":{"start":{"line":90,"column":0},"end":{"line":90,"column":33}},"90":{"start":{"line":91,"column":0},"end":{"line":91,"column":20}},"91":{"start":{"line":92,"column":0},"end":{"line":92,"column":7}},"92":{"start":{"line":93,"column":0},"end":{"line":93,"column":0}},"93":{"start":{"line":94,"column":0},"end":{"line":94,"column":38}},"94":{"start":{"line":95,"column":0},"end":{"line":95,"column":16}},"95":{"start":{"line":96,"column":0},"end":{"line":96,"column":5}},"96":{"start":{"line":97,"column":0},"end":{"line":97,"column":23}},"97":{"start":{"line":98,"column":0},"end":{"line":98,"column":3}},"98":{"start":{"line":99,"column":0},"end":{"line":99,"column":0}},"99":{"start":{"line":100,"column":0},"end":{"line":100,"column":23}},"100":{"start":{"line":101,"column":0},"end":{"line":101,"column":32}},"101":{"start":{"line":102,"column":0},"end":{"line":102,"column":34}},"102":{"start":{"line":103,"column":0},"end":{"line":103,"column":40}},"103":{"start":{"line":104,"column":0},"end":{"line":104,"column":27}},"104":{"start":{"line":105,"column":0},"end":{"line":105,"column":7}},"105":{"start":{"line":106,"column":0},"end":{"line":106,"column":37}},"106":{"start":{"line":107,"column":0},"end":{"line":107,"column":5}},"107":{"start":{"line":108,"column":0},"end":{"line":108,"column":16}},"108":{"start":{"line":109,"column":0},"end":{"line":109,"column":3}},"109":{"start":{"line":110,"column":0},"end":{"line":110,"column":0}},"110":{"start":{"line":111,"column":0},"end":{"line":111,"column":13}},"111":{"start":{"line":112,"column":0},"end":{"line":112,"column":21}},"112":{"start":{"line":113,"column":0},"end":{"line":113,"column":18}},"113":{"start":{"line":114,"column":0},"end":{"line":114,"column":5}},"114":{"start":{"line":115,"column":0},"end":{"line":115,"column":26}},"115":{"start":{"line":116,"column":0},"end":{"line":116,"column":26}},"116":{"start":{"line":117,"column":0},"end":{"line":117,"column":28}},"117":{"start":{"line":118,"column":0},"end":{"line":118,"column":20}},"118":{"start":{"line":119,"column":0},"end":{"line":119,"column":31}},"119":{"start":{"line":120,"column":0},"end":{"line":120,"column":26}},"120":{"start":{"line":121,"column":0},"end":{"line":121,"column":21}},"121":{"start":{"line":122,"column":0},"end":{"line":122,"column":20}},"122":{"start":{"line":123,"column":0},"end":{"line":123,"column":5}},"123":{"start":{"line":124,"column":0},"end":{"line":124,"column":27}},"124":{"start":{"line":125,"column":0},"end":{"line":125,"column":22}},"125":{"start":{"line":126,"column":0},"end":{"line":126,"column":3}},"126":{"start":{"line":127,"column":0},"end":{"line":127,"column":0}},"127":{"start":{"line":128,"column":0},"end":{"line":128,"column":11}},"128":{"start":{"line":129,"column":0},"end":{"line":129,"column":21}},"129":{"start":{"line":130,"column":0},"end":{"line":130,"column":32}},"130":{"start":{"line":131,"column":0},"end":{"line":131,"column":34}},"131":{"start":{"line":132,"column":0},"end":{"line":132,"column":36}},"132":{"start":{"line":133,"column":0},"end":{"line":133,"column":37}},"133":{"start":{"line":134,"column":0},"end":{"line":134,"column":5}},"134":{"start":{"line":135,"column":0},"end":{"line":135,"column":17}},"135":{"start":{"line":136,"column":0},"end":{"line":136,"column":3}},"136":{"start":{"line":137,"column":0},"end":{"line":137,"column":1}}},"s":{"0":1,"1":1,"2":1,"3":20,"4":20,"5":20,"6":20,"7":20,"8":70,"9":70,"10":16,"11":16,"12":70,"13":54,"14":54,"15":54,"16":70,"17":70,"18":20,"19":20,"20":2,"21":2,"22":1,"23":1,"24":1,"25":1,"26":1,"27":1,"28":2,"29":2,"30":20,"31":20,"32":3,"33":1,"34":1,"35":2,"36":2,"37":2,"38":3,"39":1,"40":1,"41":1,"42":1,"43":1,"44":1,"45":1,"46":1,"47":20,"48":20,"49":4,"50":1,"51":1,"52":3,"53":3,"54":4,"55":1,"56":1,"57":1,"58":1,"59":2,"60":2,"61":2,"62":2,"63":2,"64":20,"65":20,"66":4,"67":1,"68":1,"69":4,"70":1,"71":1,"72":1,"73":1,"74":2,"75":4,"76":6,"77":2,"78":2,"79":2,"80":2,"81":4,"82":4,"83":4,"84":20,"85":20,"86":5,"87":5,"88":5,"89":17,"90":2,"91":2,"92":15,"93":15,"94":15,"95":15,"96":3,"97":3,"98":20,"99":20,"100":2,"101":2,"102":8,"103":1,"104":1,"105":7,"106":7,"107":1,"108":1,"109":20,"110":20,"111":4,"112":1,"113":1,"114":3,"115":3,"116":3,"117":4,"118":5,"119":5,"120":5,"121":5,"122":5,"123":3,"124":3,"125":3,"126":20,"127":20,"128":15,"129":15,"130":15,"131":55,"132":55,"133":55,"134":15,"135":15,"136":20},"branchMap":{"0":{"type":"branch","line":3,"loc":{"start":{"line":3,"column":7},"end":{"line":137,"column":1}},"locations":[{"start":{"line":3,"column":7},"end":{"line":137,"column":1}}]},"1":{"type":"branch","line":8,"loc":{"start":{"line":8,"column":2},"end":{"line":18,"column":3}},"locations":[{"start":{"line":8,"column":2},"end":{"line":18,"column":3}}]},"2":{"type":"branch","line":10,"loc":{"start":{"line":10,"column":28},"end":{"line":13,"column":5}},"locations":[{"start":{"line":10,"column":28},"end":{"line":13,"column":5}}]},"3":{"type":"branch","line":13,"loc":{"start":{"line":13,"column":5},"end":{"line":16,"column":5}},"locations":[{"start":{"line":13,"column":5},"end":{"line":16,"column":5}}]},"4":{"type":"branch","line":20,"loc":{"start":{"line":20,"column":2},"end":{"line":30,"column":3}},"locations":[{"start":{"line":20,"column":2},"end":{"line":30,"column":3}}]},"5":{"type":"branch","line":22,"loc":{"start":{"line":22,"column":28},"end":{"line":28,"column":5}},"locations":[{"start":{"line":22,"column":28},"end":{"line":28,"column":5}}]},"6":{"type":"branch","line":32,"loc":{"start":{"line":32,"column":2},"end":{"line":47,"column":3}},"locations":[{"start":{"line":32,"column":2},"end":{"line":47,"column":3}}]},"7":{"type":"branch","line":33,"loc":{"start":{"line":33,"column":30},"end":{"line":35,"column":5}},"locations":[{"start":{"line":33,"column":30},"end":{"line":35,"column":5}}]},"8":{"type":"branch","line":35,"loc":{"start":{"line":35,"column":4},"end":{"line":39,"column":17}},"locations":[{"start":{"line":35,"column":4},"end":{"line":39,"column":17}}]},"9":{"type":"branch","line":39,"loc":{"start":{"line":39,"column":17},"end":{"line":47,"column":3}},"locations":[{"start":{"line":39,"column":17},"end":{"line":47,"column":3}}]},"10":{"type":"branch","line":49,"loc":{"start":{"line":49,"column":2},"end":{"line":64,"column":3}},"locations":[{"start":{"line":49,"column":2},"end":{"line":64,"column":3}}]},"11":{"type":"branch","line":50,"loc":{"start":{"line":50,"column":30},"end":{"line":52,"column":5}},"locations":[{"start":{"line":50,"column":30},"end":{"line":52,"column":5}}]},"12":{"type":"branch","line":52,"loc":{"start":{"line":52,"column":4},"end":{"line":55,"column":17}},"locations":[{"start":{"line":52,"column":4},"end":{"line":55,"column":17}}]},"13":{"type":"branch","line":55,"loc":{"start":{"line":55,"column":17},"end":{"line":59,"column":5}},"locations":[{"start":{"line":55,"column":17},"end":{"line":59,"column":5}}]},"14":{"type":"branch","line":59,"loc":{"start":{"line":59,"column":4},"end":{"line":64,"column":3}},"locations":[{"start":{"line":59,"column":4},"end":{"line":64,"column":3}}]},"15":{"type":"branch","line":66,"loc":{"start":{"line":66,"column":2},"end":{"line":84,"column":3}},"locations":[{"start":{"line":66,"column":2},"end":{"line":84,"column":3}}]},"16":{"type":"branch","line":67,"loc":{"start":{"line":67,"column":28},"end":{"line":69,"column":5}},"locations":[{"start":{"line":67,"column":28},"end":{"line":69,"column":5}}]},"17":{"type":"branch","line":69,"loc":{"start":{"line":69,"column":4},"end":{"line":70,"column":35}},"locations":[{"start":{"line":69,"column":4},"end":{"line":70,"column":35}}]},"18":{"type":"branch","line":70,"loc":{"start":{"line":70,"column":35},"end":{"line":74,"column":5}},"locations":[{"start":{"line":70,"column":35},"end":{"line":74,"column":5}}]},"19":{"type":"branch","line":74,"loc":{"start":{"line":74,"column":4},"end":{"line":76,"column":38}},"locations":[{"start":{"line":74,"column":4},"end":{"line":76,"column":38}}]},"20":{"type":"branch","line":76,"loc":{"start":{"line":76,"column":38},"end":{"line":83,"column":5}},"locations":[{"start":{"line":76,"column":38},"end":{"line":83,"column":5}}]},"21":{"type":"branch","line":77,"loc":{"start":{"line":77,"column":44},"end":{"line":81,"column":7}},"locations":[{"start":{"line":77,"column":44},"end":{"line":81,"column":7}}]},"22":{"type":"branch","line":81,"loc":{"start":{"line":81,"column":6},"end":{"line":83,"column":5}},"locations":[{"start":{"line":81,"column":6},"end":{"line":83,"column":5}}]},"23":{"type":"branch","line":86,"loc":{"start":{"line":86,"column":2},"end":{"line":98,"column":3}},"locations":[{"start":{"line":86,"column":2},"end":{"line":98,"column":3}}]},"24":{"type":"branch","line":89,"loc":{"start":{"line":89,"column":30},"end":{"line":96,"column":5}},"locations":[{"start":{"line":89,"column":30},"end":{"line":96,"column":5}}]},"25":{"type":"branch","line":90,"loc":{"start":{"line":90,"column":32},"end":{"line":92,"column":7}},"locations":[{"start":{"line":90,"column":32},"end":{"line":92,"column":7}}]},"26":{"type":"branch","line":92,"loc":{"start":{"line":92,"column":6},"end":{"line":96,"column":5}},"locations":[{"start":{"line":92,"column":6},"end":{"line":96,"column":5}}]},"27":{"type":"branch","line":96,"loc":{"start":{"line":96,"column":4},"end":{"line":98,"column":3}},"locations":[{"start":{"line":96,"column":4},"end":{"line":98,"column":3}}]},"28":{"type":"branch","line":100,"loc":{"start":{"line":100,"column":2},"end":{"line":109,"column":3}},"locations":[{"start":{"line":100,"column":2},"end":{"line":109,"column":3}}]},"29":{"type":"branch","line":102,"loc":{"start":{"line":102,"column":33},"end":{"line":107,"column":5}},"locations":[{"start":{"line":102,"column":33},"end":{"line":107,"column":5}}]},"30":{"type":"branch","line":103,"loc":{"start":{"line":103,"column":39},"end":{"line":105,"column":7}},"locations":[{"start":{"line":103,"column":39},"end":{"line":105,"column":7}}]},"31":{"type":"branch","line":105,"loc":{"start":{"line":105,"column":6},"end":{"line":107,"column":5}},"locations":[{"start":{"line":105,"column":6},"end":{"line":107,"column":5}}]},"32":{"type":"branch","line":107,"loc":{"start":{"line":107,"column":4},"end":{"line":109,"column":3}},"locations":[{"start":{"line":107,"column":4},"end":{"line":109,"column":3}}]},"33":{"type":"branch","line":111,"loc":{"start":{"line":111,"column":2},"end":{"line":126,"column":3}},"locations":[{"start":{"line":111,"column":2},"end":{"line":126,"column":3}}]},"34":{"type":"branch","line":112,"loc":{"start":{"line":112,"column":20},"end":{"line":114,"column":5}},"locations":[{"start":{"line":112,"column":20},"end":{"line":114,"column":5}}]},"35":{"type":"branch","line":114,"loc":{"start":{"line":114,"column":4},"end":{"line":118,"column":19}},"locations":[{"start":{"line":114,"column":4},"end":{"line":118,"column":19}}]},"36":{"type":"branch","line":118,"loc":{"start":{"line":118,"column":19},"end":{"line":123,"column":5}},"locations":[{"start":{"line":118,"column":19},"end":{"line":123,"column":5}}]},"37":{"type":"branch","line":123,"loc":{"start":{"line":123,"column":4},"end":{"line":126,"column":3}},"locations":[{"start":{"line":123,"column":4},"end":{"line":126,"column":3}}]},"38":{"type":"branch","line":128,"loc":{"start":{"line":128,"column":2},"end":{"line":136,"column":3}},"locations":[{"start":{"line":128,"column":2},"end":{"line":136,"column":3}}]},"39":{"type":"branch","line":131,"loc":{"start":{"line":131,"column":33},"end":{"line":134,"column":5}},"locations":[{"start":{"line":131,"column":33},"end":{"line":134,"column":5}}]}},"b":{"0":[20],"1":[70],"2":[16],"3":[54],"4":[2],"5":[1],"6":[3],"7":[1],"8":[2],"9":[1],"10":[4],"11":[1],"12":[3],"13":[1],"14":[2],"15":[4],"16":[1],"17":[3],"18":[1],"19":[2],"20":[6],"21":[2],"22":[4],"23":[5],"24":[17],"25":[2],"26":[15],"27":[3],"28":[2],"29":[8],"30":[1],"31":[7],"32":[1],"33":[4],"34":[1],"35":[3],"36":[5],"37":[3],"38":[15],"39":[55]},"fnMap":{"0":{"name":"<instance_members_initializer>","decl":{"start":{"line":3,"column":7},"end":{"line":137,"column":1}},"loc":{"start":{"line":3,"column":7},"end":{"line":137,"column":1}},"line":3},"1":{"name":"append","decl":{"start":{"line":8,"column":2},"end":{"line":18,"column":3}},"loc":{"start":{"line":8,"column":2},"end":{"line":18,"column":3}},"line":8},"2":{"name":"prepend","decl":{"start":{"line":20,"column":2},"end":{"line":30,"column":3}},"loc":{"start":{"line":20,"column":2},"end":{"line":30,"column":3}},"line":20},"3":{"name":"insert","decl":{"start":{"line":32,"column":2},"end":{"line":47,"column":3}},"loc":{"start":{"line":32,"column":2},"end":{"line":47,"column":3}},"line":32},"4":{"name":"removeByIndex","decl":{"start":{"line":49,"column":2},"end":{"line":64,"column":3}},"loc":{"start":{"line":49,"column":2},"end":{"line":64,"column":3}},"line":49},"5":{"name":"removeByValue","decl":{"start":{"line":66,"column":2},"end":{"line":84,"column":3}},"loc":{"start":{"line":66,"column":2},"end":{"line":84,"column":3}},"line":66},"6":{"name":"indexOf","decl":{"start":{"line":86,"column":2},"end":{"line":98,"column":3}},"loc":{"start":{"line":86,"column":2},"end":{"line":98,"column":3}},"line":86},"7":{"name":"find","decl":{"start":{"line":100,"column":2},"end":{"line":109,"column":3}},"loc":{"start":{"line":100,"column":2},"end":{"line":109,"column":3}},"line":100},"8":{"name":"reverse","decl":{"start":{"line":111,"column":2},"end":{"line":126,"column":3}},"loc":{"start":{"line":111,"column":2},"end":{"line":126,"column":3}},"line":111},"9":{"name":"print","decl":{"start":{"line":128,"column":2},"end":{"line":136,"column":3}},"loc":{"start":{"line":128,"column":2},"end":{"line":136,"column":3}},"line":128}},"f":{"0":20,"1":70,"2":2,"3":3,"4":4,"5":4,"6":5,"7":2,"8":4,"9":15}}
,"/home/alessandro/repositories/personal/data-structures/src/stack/stack.entity.ts": {"path":"/home/alessandro/repositories/personal/data-structures/src/stack/stack.entity.ts","all":false,"statementMap":{"0":{"start":{"line":1,"column":0},"end":{"line":1,"column":20}},"1":{"start":{"line":2,"column":0},"end":{"line":2,"column":31}},"2":{"start":{"line":3,"column":0},"end":{"line":3,"column":20}},"3":{"start":{"line":4,"column":0},"end":{"line":4,"column":0}},"4":{"start":{"line":5,"column":0},"end":{"line":5,"column":13}},"5":{"start":{"line":6,"column":0},"end":{"line":6,"column":28}},"6":{"start":{"line":7,"column":0},"end":{"line":7,"column":3}},"7":{"start":{"line":8,"column":0},"end":{"line":8,"column":0}},"8":{"start":{"line":9,"column":0},"end":{"line":9,"column":14}},"9":{"start":{"line":10,"column":0},"end":{"line":10,"column":25}},"10":{"start":{"line":11,"column":0},"end":{"line":11,"column":16}},"11":{"start":{"line":12,"column":0},"end":{"line":12,"column":5}},"12":{"start":{"line":13,"column":0},"end":{"line":13,"column":39}},"13":{"start":{"line":14,"column":0},"end":{"line":14,"column":42}},"14":{"start":{"line":15,"column":0},"end":{"line":15,"column":50}},"15":{"start":{"line":16,"column":0},"end":{"line":16,"column":5}},"16":{"start":{"line":17,"column":0},"end":{"line":17,"column":21}},"17":{"start":{"line":18,"column":0},"end":{"line":18,"column":3}},"18":{"start":{"line":19,"column":0},"end":{"line":19,"column":0}},"19":{"start":{"line":20,"column":0},"end":{"line":20,"column":25}},"20":{"start":{"line":21,"column":0},"end":{"line":21,"column":37}},"21":{"start":{"line":22,"column":0},"end":{"line":22,"column":17}},"22":{"start":{"line":23,"column":0},"end":{"line":23,"column":3}},"23":{"start":{"line":24,"column":0},"end":{"line":24,"column":0}},"24":{"start":{"line":25,"column":0},"end":{"line":25,"column":9}},"25":{"start":{"line":26,"column":0},"end":{"line":26,"column":25}},"26":{"start":{"line":27,"column":0},"end":{"line":27,"column":23}},"27":{"start":{"line":28,"column":0},"end":{"line":28,"column":5}},"28":{"start":{"line":29,"column":0},"end":{"line":29,"column":17}},"29":{"start":{"line":30,"column":0},"end":{"line":30,"column":42}},"30":{"start":{"line":31,"column":0},"end":{"line":31,"column":34}},"31":{"start":{"line":32,"column":0},"end":{"line":32,"column":18}},"32":{"start":{"line":33,"column":0},"end":{"line":33,"column":3}},"33":{"start":{"line":34,"column":0},"end":{"line":34,"column":0}},"34":{"start":{"line":35,"column":0},"end":{"line":35,"column":10}},"35":{"start":{"line":36,"column":0},"end":{"line":36,"column":25}},"36":{"start":{"line":37,"column":0},"end":{"line":37,"column":23}},"37":{"start":{"line":38,"column":0},"end":{"line":38,"column":5}},"38":{"start":{"line":39,"column":0},"end":{"line":39,"column":38}},"39":{"start":{"line":40,"column":0},"end":{"line":40,"column":3}},"40":{"start":{"line":41,"column":0},"end":{"line":41,"column":0}},"41":{"start":{"line":42,"column":0},"end":{"line":42,"column":10}},"42":{"start":{"line":43,"column":0},"end":{"line":43,"column":22}},"43":{"start":{"line":44,"column":0},"end":{"line":44,"column":3}},"44":{"start":{"line":45,"column":0},"end":{"line":45,"column":0}},"45":{"start":{"line":46,"column":0},"end":{"line":46,"column":11}},"46":{"start":{"line":47,"column":0},"end":{"line":47,"column":20}},"47":{"start":{"line":48,"column":0},"end":{"line":48,"column":19}},"48":{"start":{"line":49,"column":0},"end":{"line":49,"column":3}},"49":{"start":{"line":50,"column":0},"end":{"line":50,"column":1}}},"s":{"0":1,"1":9,"2":9,"3":9,"4":9,"5":15,"6":15,"7":9,"8":9,"9":2,"10":1,"11":1,"12":1,"13":1,"14":1,"15":1,"16":1,"17":1,"18":9,"19":9,"20":10,"21":10,"22":10,"23":9,"24":9,"25":9,"26":3,"27":3,"28":6,"29":6,"30":6,"31":6,"32":6,"33":9,"34":9,"35":3,"36":1,"37":1,"38":2,"39":2,"40":9,"41":9,"42":5,"43":5,"44":9,"45":9,"46":1,"47":1,"48":1,"49":9},"branchMap":{"0":{"type":"branch","line":1,"loc":{"start":{"line":1,"column":7},"end":{"line":50,"column":1}},"locations":[{"start":{"line":1,"column":7},"end":{"line":50,"column":1}}]},"1":{"type":"branch","line":5,"loc":{"start":{"line":5,"column":2},"end":{"line":7,"column":3}},"locations":[{"start":{"line":5,"column":2},"end":{"line":7,"column":3}}]},"2":{"type":"branch","line":9,"loc":{"start":{"line":9,"column":2},"end":{"line":18,"column":3}},"locations":[{"start":{"line":9,"column":2},"end":{"line":18,"column":3}}]},"3":{"type":"branch","line":10,"loc":{"start":{"line":10,"column":24},"end":{"line":18,"column":3}},"locations":[{"start":{"line":10,"column":24},"end":{"line":18,"column":3}}]},"4":{"type":"branch","line":20,"loc":{"start":{"line":20,"column":2},"end":{"line":23,"column":3}},"locations":[{"start":{"line":20,"column":2},"end":{"line":23,"column":3}}]},"5":{"type":"branch","line":25,"loc":{"start":{"line":25,"column":2},"end":{"line":33,"column":3}},"locations":[{"start":{"line":25,"column":2},"end":{"line":33,"column":3}}]},"6":{"type":"branch","line":26,"loc":{"start":{"line":26,"column":24},"end":{"line":28,"column":5}},"locations":[{"start":{"line":26,"column":24},"end":{"line":28,"column":5}}]},"7":{"type":"branch","line":28,"loc":{"start":{"line":28,"column":4},"end":{"line":33,"column":3}},"locations":[{"start":{"line":28,"column":4},"end":{"line":33,"column":3}}]},"8":{"type":"branch","line":35,"loc":{"start":{"line":35,"column":2},"end":{"line":40,"column":3}},"locations":[{"start":{"line":35,"column":2},"end":{"line":40,"column":3}}]},"9":{"type":"branch","line":36,"loc":{"start":{"line":36,"column":24},"end":{"line":38,"column":5}},"locations":[{"start":{"line":36,"column":24},"end":{"line":38,"column":5}}]},"10":{"type":"branch","line":38,"loc":{"start":{"line":38,"column":4},"end":{"line":40,"column":3}},"locations":[{"start":{"line":38,"column":4},"end":{"line":40,"column":3}}]},"11":{"type":"branch","line":42,"loc":{"start":{"line":42,"column":2},"end":{"line":44,"column":3}},"locations":[{"start":{"line":42,"column":2},"end":{"line":44,"column":3}}]},"12":{"type":"branch","line":46,"loc":{"start":{"line":46,"column":2},"end":{"line":49,"column":3}},"locations":[{"start":{"line":46,"column":2},"end":{"line":49,"column":3}}]}},"b":{"0":[9],"1":[15],"2":[2],"3":[1],"4":[10],"5":[9],"6":[3],"7":[6],"8":[3],"9":[1],"10":[2],"11":[5],"12":[1]},"fnMap":{"0":{"name":"<instance_members_initializer>","decl":{"start":{"line":1,"column":7},"end":{"line":50,"column":1}},"loc":{"start":{"line":1,"column":7},"end":{"line":50,"column":1}},"line":1},"1":{"name":"isEmpty","decl":{"start":{"line":5,"column":2},"end":{"line":7,"column":3}},"loc":{"start":{"line":5,"column":2},"end":{"line":7,"column":3}},"line":5},"2":{"name":"toString","decl":{"start":{"line":9,"column":2},"end":{"line":18,"column":3}},"loc":{"start":{"line":9,"column":2},"end":{"line":18,"column":3}},"line":9},"3":{"name":"push","decl":{"start":{"line":20,"column":2},"end":{"line":23,"column":3}},"loc":{"start":{"line":20,"column":2},"end":{"line":23,"column":3}},"line":20},"4":{"name":"pop","decl":{"start":{"line":25,"column":2},"end":{"line":33,"column":3}},"loc":{"start":{"line":25,"column":2},"end":{"line":33,"column":3}},"line":25},"5":{"name":"peek","decl":{"start":{"line":35,"column":2},"end":{"line":40,"column":3}},"loc":{"start":{"line":35,"column":2},"end":{"line":40,"column":3}},"line":35},"6":{"name":"size","decl":{"start":{"line":42,"column":2},"end":{"line":44,"column":3}},"loc":{"start":{"line":42,"column":2},"end":{"line":44,"column":3}},"line":42},"7":{"name":"clear","decl":{"start":{"line":46,"column":2},"end":{"line":49,"column":3}},"loc":{"start":{"line":46,"column":2},"end":{"line":49,"column":3}},"line":46}},"f":{"0":9,"1":15,"2":2,"3":10,"4":9,"5":3,"6":5,"7":1}}
}
