{"total": {"lines":{"total":388,"covered":388,"skipped":0,"pct":100},"statements":{"total":388,"covered":388,"skipped":0,"pct":100},"functions":{"total":37,"covered":37,"skipped":0,"pct":100},"branches":{"total":104,"covered":104,"skipped":0,"pct":100},"branchesTrue":{"total":0,"covered":0,"skipped":0,"pct":100}}
,"/home/alessandro/repositories/personal/data-structures/src/doubly-linked-list/doubly-linked-list-node.entity.ts": {"lines":{"total":11,"covered":11,"skipped":0,"pct":100},"functions":{"total":1,"covered":1,"skipped":0,"pct":100},"statements":{"total":11,"covered":11,"skipped":0,"pct":100},"branches":{"total":1,"covered":1,"skipped":0,"pct":100}}
,"/home/alessandro/repositories/personal/data-structures/src/doubly-linked-list/doubly-linked-list.entity.ts": {"lines":{"total":128,"covered":128,"skipped":0,"pct":100},"functions":{"total":8,"covered":8,"skipped":0,"pct":100},"statements":{"total":128,"covered":128,"skipped":0,"pct":100},"branches":{"total":32,"covered":32,"skipped":0,"pct":100}}
,"/home/alessandro/repositories/personal/data-structures/src/linked-list/linked-list-node.entity.ts": {"lines":{"total":8,"covered":8,"skipped":0,"pct":100},"functions":{"total":2,"covered":2,"skipped":0,"pct":100},"statements":{"total":8,"covered":8,"skipped":0,"pct":100},"branches":{"total":2,"covered":2,"skipped":0,"pct":100}}
,"/home/alessandro/repositories/personal/data-structures/src/linked-list/linked-list.entity.ts": {"lines":{"total":137,"covered":137,"skipped":0,"pct":100},"functions":{"total":10,"covered":10,"skipped":0,"pct":100},"statements":{"total":137,"covered":137,"skipped":0,"pct":100},"branches":{"total":40,"covered":40,"skipped":0,"pct":100}}
,"/home/alessandro/repositories/personal/data-structures/src/queue/index.ts": {"lines":{"total":1,"covered":1,"skipped":0,"pct":100},"functions":{"total":0,"covered":0,"skipped":0,"pct":100},"statements":{"total":1,"covered":1,"skipped":0,"pct":100},"branches":{"total":0,"covered":0,"skipped":0,"pct":100}}
,"/home/alessandro/repositories/personal/data-structures/src/queue/queue.entity.ts": {"lines":{"total":53,"covered":53,"skipped":0,"pct":100},"functions":{"total":8,"covered":8,"skipped":0,"pct":100},"statements":{"total":53,"covered":53,"skipped":0,"pct":100},"branches":{"total":16,"covered":16,"skipped":0,"pct":100}}
,"/home/alessandro/repositories/personal/data-structures/src/stack/stack.entity.ts": {"lines":{"total":50,"covered":50,"skipped":0,"pct":100},"functions":{"total":8,"covered":8,"skipped":0,"pct":100},"statements":{"total":50,"covered":50,"skipped":0,"pct":100},"branches":{"total":13,"covered":13,"skipped":0,"pct":100}}
}
