TN:
SF:src/doubly-linked-list/doubly-linked-list-node.entity.ts
FN:6,Node
FNF:1
FNH:1
FNDA:40,Node
DA:1,1
DA:2,1
DA:3,1
DA:4,1
DA:5,1
DA:6,1
DA:7,40
DA:8,40
DA:9,40
DA:10,40
DA:11,1
LF:11
LH:11
BRDA:6,0,0,40
BRF:1
BRH:1
end_of_record
TN:
SF:src/doubly-linked-list/doubly-linked-list.entity.ts
FN:8,DoublyLinkedList
FN:14,push
FN:29,pop
FN:47,shift
FN:65,unshift
FN:81,get
FN:107,find
FN:118,set
FNF:8
FNH:8
FNDA:17,DoublyLinkedList
FNDA:36,push
FNDA:5,pop
FNDA:5,shift
FNDA:4,unshift
FNDA:5,get
FNDA:2,find
FNDA:2,set
DA:1,1
DA:2,1
DA:3,1
DA:4,1
DA:5,1
DA:6,1
DA:7,1
DA:8,1
DA:9,17
DA:10,17
DA:11,17
DA:12,17
DA:13,1
DA:14,1
DA:15,36
DA:16,36
DA:17,36
DA:18,12
DA:19,12
DA:20,36
DA:21,24
DA:22,24
DA:23,24
DA:24,24
DA:25,36
DA:26,36
DA:27,36
DA:28,1
DA:29,1
DA:30,5
DA:31,4
DA:32,4
DA:33,4
DA:34,5
DA:35,1
DA:36,1
DA:37,5
DA:38,3
DA:39,3
DA:40,3
DA:41,3
DA:42,4
DA:43,4
DA:44,4
DA:45,4
DA:46,1
DA:47,1
DA:48,5
DA:49,4
DA:50,4
DA:51,4
DA:52,5
DA:53,1
DA:54,1
DA:55,5
DA:56,3
DA:57,3
DA:58,3
DA:59,3
DA:60,4
DA:61,4
DA:62,4
DA:63,4
DA:64,1
DA:65,1
DA:66,4
DA:67,4
DA:68,4
DA:69,2
DA:70,2
DA:71,2
DA:72,2
DA:73,2
DA:74,2
DA:75,2
DA:76,4
DA:77,4
DA:78,4
DA:79,4
DA:80,1
DA:81,1
DA:82,5
DA:83,4
DA:84,4
DA:85,4
DA:86,5
DA:87,3
DA:88,3
DA:89,3
DA:90,3
DA:91,2
DA:92,2
DA:93,2
DA:94,5
DA:95,1
DA:96,1
DA:97,1
DA:98,1
DA:99,1
DA:100,1
DA:101,1
DA:102,1
DA:103,4
DA:104,4
DA:105,4
DA:106,1
DA:107,1
DA:108,2
DA:109,2
DA:110,2
DA:111,5
DA:112,4
DA:113,4
DA:114,1
DA:115,1
DA:116,1
DA:117,1
DA:118,1
DA:119,2
DA:120,2
DA:121,2
DA:122,1
DA:123,1
DA:124,1
DA:125,1
DA:126,1
DA:127,1
DA:128,1
LF:128
LH:128
BRDA:8,0,0,17
BRDA:14,1,0,36
BRDA:17,2,0,12
BRDA:20,3,0,24
BRDA:29,4,0,5
BRDA:30,5,0,1
BRDA:30,6,0,4
BRDA:34,7,0,1
BRDA:37,8,0,3
BRDA:41,9,0,4
BRDA:47,10,0,5
BRDA:48,11,0,1
BRDA:48,12,0,4
BRDA:52,13,0,1
BRDA:55,14,0,3
BRDA:59,15,0,4
BRDA:65,16,0,4
BRDA:68,17,0,2
BRDA:81,18,0,5
BRDA:82,19,0,1
BRDA:82,20,0,4
BRDA:86,21,0,3
BRDA:90,22,0,2
BRDA:94,23,0,1
BRDA:102,24,0,4
BRDA:107,25,0,2
BRDA:110,26,0,5
BRDA:111,27,0,1
BRDA:111,28,0,4
BRDA:113,29,0,1
BRDA:118,30,0,2
BRDA:121,31,0,1
BRF:32
BRH:32
end_of_record
TN:
SF:src/linked-list/linked-list-node.entity.ts
FN:1,<instance_members_initializer>
FN:5,LinkedListNode
FNF:2
FNH:2
FNDA:74,<instance_members_initializer>
FNDA:74,LinkedListNode
DA:1,1
DA:2,74
DA:3,74
DA:4,74
DA:5,74
DA:6,74
DA:7,74
DA:8,74
LF:8
LH:8
BRDA:1,0,0,74
BRDA:5,1,0,74
BRF:2
BRH:2
end_of_record
TN:
SF:src/linked-list/linked-list.entity.ts
FN:3,<instance_members_initializer>
FN:8,append
FN:20,prepend
FN:32,insert
FN:49,removeByIndex
FN:66,removeByValue
FN:86,indexOf
FN:100,find
FN:111,reverse
FN:128,print
FNF:10
FNH:10
FNDA:20,<instance_members_initializer>
FNDA:70,append
FNDA:2,prepend
FNDA:3,insert
FNDA:4,removeByIndex
FNDA:4,removeByValue
FNDA:5,indexOf
FNDA:2,find
FNDA:4,reverse
FNDA:15,print
DA:1,1
DA:2,1
DA:3,1
DA:4,20
DA:5,20
DA:6,20
DA:7,20
DA:8,20
DA:9,70
DA:10,70
DA:11,16
DA:12,16
DA:13,70
DA:14,54
DA:15,54
DA:16,54
DA:17,70
DA:18,70
DA:19,20
DA:20,20
DA:21,2
DA:22,2
DA:23,1
DA:24,1
DA:25,1
DA:26,1
DA:27,1
DA:28,1
DA:29,2
DA:30,2
DA:31,20
DA:32,20
DA:33,3
DA:34,1
DA:35,1
DA:36,2
DA:37,2
DA:38,2
DA:39,3
DA:40,1
DA:41,1
DA:42,1
DA:43,1
DA:44,1
DA:45,1
DA:46,1
DA:47,1
DA:48,20
DA:49,20
DA:50,4
DA:51,1
DA:52,1
DA:53,3
DA:54,3
DA:55,4
DA:56,1
DA:57,1
DA:58,1
DA:59,1
DA:60,2
DA:61,2
DA:62,2
DA:63,2
DA:64,2
DA:65,20
DA:66,20
DA:67,4
DA:68,1
DA:69,1
DA:70,4
DA:71,1
DA:72,1
DA:73,1
DA:74,1
DA:75,2
DA:76,4
DA:77,6
DA:78,2
DA:79,2
DA:80,2
DA:81,2
DA:82,4
DA:83,4
DA:84,4
DA:85,20
DA:86,20
DA:87,5
DA:88,5
DA:89,5
DA:90,17
DA:91,2
DA:92,2
DA:93,15
DA:94,15
DA:95,15
DA:96,15
DA:97,3
DA:98,3
DA:99,20
DA:100,20
DA:101,2
DA:102,2
DA:103,8
DA:104,1
DA:105,1
DA:106,7
DA:107,7
DA:108,1
DA:109,1
DA:110,20
DA:111,20
DA:112,4
DA:113,1
DA:114,1
DA:115,3
DA:116,3
DA:117,3
DA:118,4
DA:119,5
DA:120,5
DA:121,5
DA:122,5
DA:123,5
DA:124,3
DA:125,3
DA:126,3
DA:127,20
DA:128,20
DA:129,15
DA:130,15
DA:131,15
DA:132,55
DA:133,55
DA:134,55
DA:135,15
DA:136,15
DA:137,20
LF:137
LH:137
BRDA:3,0,0,20
BRDA:8,1,0,70
BRDA:10,2,0,16
BRDA:13,3,0,54
BRDA:20,4,0,2
BRDA:22,5,0,1
BRDA:32,6,0,3
BRDA:33,7,0,1
BRDA:35,8,0,2
BRDA:39,9,0,1
BRDA:49,10,0,4
BRDA:50,11,0,1
BRDA:52,12,0,3
BRDA:55,13,0,1
BRDA:59,14,0,2
BRDA:66,15,0,4
BRDA:67,16,0,1
BRDA:69,17,0,3
BRDA:70,18,0,1
BRDA:74,19,0,2
BRDA:76,20,0,6
BRDA:77,21,0,2
BRDA:81,22,0,4
BRDA:86,23,0,5
BRDA:89,24,0,17
BRDA:90,25,0,2
BRDA:92,26,0,15
BRDA:96,27,0,3
BRDA:100,28,0,2
BRDA:102,29,0,8
BRDA:103,30,0,1
BRDA:105,31,0,7
BRDA:107,32,0,1
BRDA:111,33,0,4
BRDA:112,34,0,1
BRDA:114,35,0,3
BRDA:118,36,0,5
BRDA:123,37,0,3
BRDA:128,38,0,15
BRDA:131,39,0,55
BRF:40
BRH:40
end_of_record
