TN:
SF:src\linked-list\linked-list-node.entity.ts
FN:3,<instance_members_initializer>
FN:5,LinkedListNode
FNF:2
FNH:2
FNDA:74,<instance_members_initializer>
FNDA:74,LinkedListNode
DA:1,1
DA:2,1
DA:3,1
DA:4,1
DA:5,1
DA:6,74
DA:7,74
DA:8,1
LF:8
LH:8
BRDA:3,0,0,74
BRDA:5,1,0,74
BRF:2
BRH:2
end_of_record
TN:
SF:src\linked-list\linked-list.entity.ts
FN:4,<instance_members_initializer>
FN:8,append
FN:20,prepend
FN:32,insert
FN:49,removeByIndex
FN:66,removeByValue
FN:86,indexOf
FN:100,find
FN:111,reverse
FN:128,print
FNF:10
FNH:10
FNDA:20,<instance_members_initializer>
FNDA:70,append
FNDA:2,prepend
FNDA:3,insert
FNDA:4,removeByIndex
FNDA:4,removeByValue
FNDA:5,indexOf
FNDA:2,find
FNDA:4,reverse
FNDA:16,print
DA:1,1
DA:2,1
DA:3,1
DA:4,1
DA:5,20
DA:6,1
DA:7,1
DA:8,1
DA:9,70
DA:10,70
DA:11,16
DA:12,16
DA:13,70
DA:14,54
DA:15,54
DA:16,54
DA:17,70
DA:18,70
DA:19,1
DA:20,1
DA:21,2
DA:22,2
DA:23,1
DA:24,1
DA:25,1
DA:26,1
DA:27,1
DA:28,1
DA:29,2
DA:30,2
DA:31,1
DA:32,1
DA:33,3
DA:34,1
DA:35,1
DA:36,2
DA:37,2
DA:38,2
DA:39,3
DA:40,1
DA:41,1
DA:42,1
DA:43,1
DA:44,1
DA:45,1
DA:46,1
DA:47,1
DA:48,1
DA:49,1
DA:50,4
DA:51,1
DA:52,1
DA:53,3
DA:54,3
DA:55,4
DA:56,1
DA:57,1
DA:58,1
DA:59,1
DA:60,2
DA:61,2
DA:62,2
DA:63,2
DA:64,2
DA:65,1
DA:66,1
DA:67,4
DA:68,1
DA:69,1
DA:70,4
DA:71,1
DA:72,1
DA:73,1
DA:74,1
DA:75,2
DA:76,4
DA:77,6
DA:78,2
DA:79,2
DA:80,2
DA:81,2
DA:82,4
DA:83,4
DA:84,4
DA:85,1
DA:86,1
DA:87,5
DA:88,5
DA:89,5
DA:90,17
DA:91,2
DA:92,2
DA:93,15
DA:94,15
DA:95,15
DA:96,15
DA:97,3
DA:98,3
DA:99,1
DA:100,1
DA:101,2
DA:102,2
DA:103,8
DA:104,1
DA:105,1
DA:106,7
DA:107,7
DA:108,1
DA:109,1
DA:110,1
DA:111,1
DA:112,4
DA:113,1
DA:114,1
DA:115,3
DA:116,3
DA:117,3
DA:118,4
DA:119,5
DA:120,5
DA:121,5
DA:122,5
DA:123,5
DA:124,3
DA:125,3
DA:126,3
DA:127,1
DA:128,1
DA:129,16
DA:130,16
DA:131,16
DA:132,59
DA:133,59
DA:134,59
DA:135,16
DA:136,16
DA:137,1
LF:137
LH:137
BRDA:4,0,0,20
BRDA:8,1,0,70
BRDA:10,2,0,16
BRDA:13,3,0,54
BRDA:20,4,0,2
BRDA:22,5,0,1
BRDA:32,6,0,3
BRDA:33,7,0,1
BRDA:35,8,0,2
BRDA:39,9,0,1
BRDA:49,10,0,4
BRDA:50,11,0,1
BRDA:52,12,0,3
BRDA:55,13,0,1
BRDA:59,14,0,2
BRDA:66,15,0,4
BRDA:67,16,0,1
BRDA:69,17,0,3
BRDA:70,18,0,1
BRDA:74,19,0,2
BRDA:76,20,0,6
BRDA:77,21,0,2
BRDA:81,22,0,4
BRDA:86,23,0,5
BRDA:89,24,0,17
BRDA:90,25,0,2
BRDA:92,26,0,15
BRDA:96,27,0,3
BRDA:100,28,0,2
BRDA:102,29,0,8
BRDA:103,30,0,1
BRDA:105,31,0,7
BRDA:107,32,0,1
BRDA:111,33,0,4
BRDA:112,34,0,1
BRDA:114,35,0,3
BRDA:118,36,0,5
BRDA:123,37,0,3
BRDA:128,38,0,16
BRDA:131,39,0,59
BRF:40
BRH:40
end_of_record
